{
  "RSpec": {
    "coverage": {
      "/Users/garethwoodman/Desktop/Makers Academy/Projects/GildedRose-Refactoring-Kata/spec/gilded_rose_spec.rb": {
        "lines": [
          null,
          null,
          1,
          null,
          1,
          17,
          17,
          null,
          null,
          1,
          1,
          1,
          1,
          1,
          null,
          null,
          1,
          1,
          1,
          1,
          1,
          null,
          null,
          null,
          1,
          1,
          1,
          1,
          null,
          null,
          null,
          1,
          1,
          1,
          null,
          null,
          null,
          1,
          1,
          1,
          1,
          1,
          null,
          null,
          null,
          1,
          1,
          1,
          1,
          null,
          null,
          null,
          1,
          1,
          1,
          null,
          null,
          null,
          1,
          1,
          1,
          1,
          null,
          null,
          1,
          1,
          1,
          null,
          null,
          1,
          1,
          1,
          null,
          null,
          1,
          1,
          1,
          null,
          null,
          1,
          1,
          1,
          null,
          null,
          null,
          1,
          1,
          1,
          1,
          1,
          null,
          null,
          1,
          1,
          1,
          1,
          null,
          null,
          null,
          1,
          1,
          1,
          1,
          1,
          null,
          null,
          null,
          1,
          1,
          1,
          1,
          null,
          null,
          null,
          1,
          1,
          1,
          null,
          null,
          null,
          null
        ]
      },
      "/Users/garethwoodman/Desktop/Makers Academy/Projects/GildedRose-Refactoring-Kata/lib/gilded_rose.rb": {
        "lines": [
          null,
          null,
          1,
          null,
          1,
          1,
          17,
          null,
          null,
          1,
          17,
          17,
          null,
          15,
          null,
          null,
          null,
          1,
          null,
          1,
          15,
          12,
          null,
          7,
          null,
          null,
          1,
          7,
          7,
          null,
          null,
          1,
          3,
          null,
          null,
          1,
          5,
          5,
          5,
          5,
          null,
          null,
          1,
          15,
          15,
          15,
          null,
          null
        ]
      },
      "/Users/garethwoodman/Desktop/Makers Academy/Projects/GildedRose-Refactoring-Kata/lib/item.rb": {
        "lines": [
          null,
          null,
          1,
          1,
          null,
          1,
          17,
          17,
          17,
          null,
          null,
          1,
          0,
          null,
          null
        ]
      }
    },
    "timestamp": 1592561200
  }
}
